0 info it worked if it ends with ok
1 verbose cli [ '/usr/local/bin/node', '/usr/local/bin/npm', 'publish' ]
2 info using npm@2.5.1
3 info using node@v0.12.0
4 verbose publish [ '.' ]
5 silly cache add args [ '.', null ]
6 verbose cache add spec .
7 silly cache add parsed spec { raw: '.',
7 silly cache add   scope: null,
7 silly cache add   name: null,
7 silly cache add   rawSpec: '.',
7 silly cache add   spec: '/home/mod/code/dm/npm',
7 silly cache add   type: 'directory' }
8 verbose addLocalDirectory /home/mod/.npm/dm-npm/0.0.10/package.tgz not in flight; packing
9 verbose tar pack [ '/home/mod/.npm/dm-npm/0.0.10/package.tgz',
9 verbose tar pack   '/home/mod/code/dm/npm' ]
10 verbose tarball /home/mod/.npm/dm-npm/0.0.10/package.tgz
11 verbose folder /home/mod/code/dm/npm
12 info prepublish dm-npm@0.0.10
13 verbose addLocalTarball adding from inside cache /home/mod/.npm/dm-npm/0.0.10/package.tgz
14 silly cache afterAdd dm-npm@0.0.10
15 verbose afterAdd /home/mod/.npm/dm-npm/0.0.10/package/package.json not in flight; writing
16 verbose afterAdd /home/mod/.npm/dm-npm/0.0.10/package/package.json written
17 silly publish { private: false,
17 silly publish   name: 'dm-npm',
17 silly publish   shortcut: 'dmn',
17 silly publish   version: '0.0.10',
17 silly publish   description: 'npm helper',
17 silly publish   main: 'index.js',
17 silly publish   scripts:
17 silly publish    { test: 'mocha --harmony --require co-mocha --watch --reporter landing',
17 silly publish      start: 'node --harmony ./bin/dm-npm' },
17 silly publish   repository: { type: 'git', url: 'https://github.com/divramod/dm-npm.git' },
17 silly publish   keywords: [ 'npm', 'template' ],
17 silly publish   author:
17 silly publish    { name: 'Arvid Petermann',
17 silly publish      email: 'arvidpetermann@gmail.com',
17 silly publish      url: 'http://arvidpetermann.com/' },
17 silly publish   license: 'ISC',
17 silly publish   bugs: { url: 'https://github.com/divramod/dm-npm/issues' },
17 silly publish   homepage: 'https://github.com/divramod/dm-npm',
17 silly publish   devDependencies: { chai: '^2.1.0', 'co-mocha': '^1.1.0', mocha: '^2.1.0' },
17 silly publish   dependencies:
17 silly publish    { bluebird: '^2.9.34',
17 silly publish      co: '^4.4.0',
17 silly publish      'co-prompt': '^1.0.0',
17 silly publish      colors: '~1.0.3',
17 silly publish      commander: '^2.6.0',
17 silly publish      'dm-util': '^0.0.2',
17 silly publish      inquirer: '^0.9.0',
17 silly publish      lodash: '^3.10.0',
17 silly publish      promptly: '^0.2.1',
17 silly publish      semver: '^5.0.1',
17 silly publish      shelljs: '^0.3.0',
17 silly publish      suppose: '^0.3.0' },
17 silly publish   bin: { dmn: './bin/dm-npm', 'dm-npm': './bin/dm-npm' },
17 silly publish   readme: '# dmName\nalias dmnpm\n\n## Description\nThis command line tool helps to fulfill the daily jobs you have to do when working with npm modules.\n\n## Environment\n- tested with node 0.11.11 and 0.12.0\n\n## Installation\n\n    npm install dm-npm -g\n\n## Prerequisits\n- for publishing a module you have to create accounts on:\n  - [npmjs.com]( http://npmjs.com )\n  - [github.com](http://github.com)\n\n## Init a npm module\n- create github repository (online)\n- clone the repository (local)\n- cd into the repository (local)\n- run (local)\n    dmn init\n- run (local)\n    npm install\n- run (local)\n    dmn publish\n\n## Options jobs\n\n    help | -help | -h | h               --> help\n    init | -init | i | -i               --> init a npm module from a empty git repository\n    publish | -publish | p | -p         --> publish the current module (commit, bump version, tag, ...)\n    reinstall | -reinstall | r | -r     --> reinstall node modules (remove node_modules dir and npm install)\n\n## Options Tasks\n    linkLocal | local | -l | l          --> linking the current module locally for global usage (prevents to reinstall module globally after every change)\n    installGlobal | global | -g | g     --> installs the module global (ie npm install -g .)\n    bump | -bump | -b | b               --> bumps the version in package.json\n\n\n## Links\n- [npm access problem](http://stackoverflow.com/questions/16151018/npm-throws-error-without-sudo)\n- [node global acces problem](http://stackoverflow.com/questions/15636367/nodejs-require-a-global-module-package)\n- [creating and publishing a node-js module]( https://quickleft.com/blog/creating-and-publishing-a-node-js-module/ )\n- [npm run script environment](https://oncletom.io/2014/self-contained-node-scripts/)\n',
17 silly publish   readmeFilename: 'README.md',
17 silly publish   gitHead: 'ec66c4e7d7093a9c8321247e799d24942ca898ea',
17 silly publish   _id: 'dm-npm@0.0.10',
17 silly publish   _shasum: 'a507d51a10d391a2ff630233a645eb650c6d8bf8',
17 silly publish   _from: '.' }
18 silly mapToRegistry name dm-npm
19 silly mapToRegistry using default registry
20 silly mapToRegistry registry https://registry.npmjs.org/
21 silly mapToRegistry uri https://registry.npmjs.org/dm-npm
22 verbose publish registryBase https://registry.npmjs.org/
23 silly publish uploading /home/mod/.npm/dm-npm/0.0.10/package.tgz
24 verbose request uri https://registry.npmjs.org/dm-npm
25 verbose request sending authorization for write operation
26 info attempt registry request try #1 at 7:09:59 PM
27 verbose request using bearer token for auth
28 verbose request id cc9cd75d35f2f14e
29 http request PUT https://registry.npmjs.org/dm-npm
30 http 403 https://registry.npmjs.org/dm-npm
31 verbose headers { 'content-type': 'application/json',
31 verbose headers   'cache-control': 'max-age=60',
31 verbose headers   'content-length': '96',
31 verbose headers   'accept-ranges': 'bytes',
31 verbose headers   date: 'Mon, 27 Jul 2015 17:10:00 GMT',
31 verbose headers   via: '1.1 varnish',
31 verbose headers   connection: 'keep-alive',
31 verbose headers   'x-served-by': 'cache-fra1220-FRA',
31 verbose headers   'x-cache': 'MISS',
31 verbose headers   'x-cache-hits': '0',
31 verbose headers   'x-timer': 'S1438016999.951133,VS0,VE877' }
32 verbose request invalidating /home/mod/.npm/registry.npmjs.org/dm-npm on PUT
33 error publish Failed PUT 403
34 verbose stack Error: "You cannot publish over the previously published version 0.0.10." : dm-npm
34 verbose stack     at CachingRegistryClient.<anonymous> (/usr/local/lib/node_modules/npm/node_modules/npm-registry-client/lib/request.js:254:14)
34 verbose stack     at Request._callback (/usr/local/lib/node_modules/npm/node_modules/npm-registry-client/lib/request.js:178:14)
34 verbose stack     at Request.self.callback (/usr/local/lib/node_modules/npm/node_modules/request/request.js:344:22)
34 verbose stack     at Request.emit (events.js:110:17)
34 verbose stack     at Request.<anonymous> (/usr/local/lib/node_modules/npm/node_modules/request/request.js:1239:14)
34 verbose stack     at Request.emit (events.js:129:20)
34 verbose stack     at IncomingMessage.<anonymous> (/usr/local/lib/node_modules/npm/node_modules/request/request.js:1187:12)
34 verbose stack     at IncomingMessage.emit (events.js:129:20)
34 verbose stack     at _stream_readable.js:908:16
34 verbose stack     at process._tickCallback (node.js:355:11)
35 verbose statusCode 403
36 verbose pkgid dm-npm
37 verbose cwd /home/mod/code/dm/npm
38 error Linux 3.16.0-41-generic
39 error argv "/usr/local/bin/node" "/usr/local/bin/npm" "publish"
40 error node v0.12.0
41 error npm  v2.5.1
42 error code E403
43 error "You cannot publish over the previously published version 0.0.10." : dm-npm
44 error If you need help, you may report this error at:
44 error     <http://github.com/npm/npm/issues>
45 verbose exit [ 1, true ]
